[[1;34mINFO[m] Scanning for projects...
[[1;34mINFO[m] 
[[1;34mINFO[m] [1m----------------------< [0;36morg.avsytem:receitas-api[0;1m >----------------------[m
[[1;34mINFO[m] [1mBuilding receitas-api 1.0.0[m
[[1;34mINFO[m] [1m--------------------------------[ jar ]---------------------------------[m
[[1;34mINFO[m] 
[[1;34mINFO[m] [1m>>> [0;32mspring-boot-maven-plugin:3.2.1:run[m [1m(default-cli)[0;1m > [0;1mtest-compile[m @ [36mreceitas-api[0;1m >>>[m
[[1;34mINFO[m] 
[[1;34mINFO[m] [1m--- [0;32mmaven-resources-plugin:3.3.1:resources[m [1m(default-resources)[m @ [36mreceitas-api[0;1m ---[m
[[1;34mINFO[m] Copying 1 resource from src/main/resources to target/classes
[[1;34mINFO[m] Copying 1 resource from src/main/resources to target/classes
[[1;34mINFO[m] 
[[1;34mINFO[m] [1m--- [0;32mmaven-compiler-plugin:3.11.0:compile[m [1m(default-compile)[m @ [36mreceitas-api[0;1m ---[m
[[1;34mINFO[m] Nothing to compile - all classes are up to date
[[1;34mINFO[m] 
[[1;34mINFO[m] [1m--- [0;32mmaven-resources-plugin:3.3.1:testResources[m [1m(default-testResources)[m @ [36mreceitas-api[0;1m ---[m
[[1;34mINFO[m] skip non existing resourceDirectory /mnt/c/Users/Thiago Mota/Documents/GitHub/teste-amazon-q/backend/src/test/resources
[[1;34mINFO[m] 
[[1;34mINFO[m] [1m--- [0;32mmaven-compiler-plugin:3.11.0:testCompile[m [1m(default-testCompile)[m @ [36mreceitas-api[0;1m ---[m
[[1;34mINFO[m] No sources to compile
[[1;34mINFO[m] 
[[1;34mINFO[m] [1m<<< [0;32mspring-boot-maven-plugin:3.2.1:run[m [1m(default-cli)[0;1m < [0;1mtest-compile[m @ [36mreceitas-api[0;1m <<<[m
[[1;34mINFO[m] 
[[1;34mINFO[m] 
[[1;34mINFO[m] [1m--- [0;32mspring-boot-maven-plugin:3.2.1:run[m [1m(default-cli)[m @ [36mreceitas-api[0;1m ---[m
[[1;34mINFO[m] Attaching agents: []

  .   ____          _            __ _ _
 /\\ / ___'_ __ _ _(_)_ __  __ _ \ \ \ \
( ( )\___ | '_ | '_| | '_ \/ _` | \ \ \ \
 \\/  ___)| |_)| | | | | || (_| |  ) ) ) )
  '  |____| .__|_| |_|_| |_\__, | / / / /
 =========|_|==============|___/=/_/_/_/
 :: Spring Boot ::                (v3.2.1)

2025-08-06T11:42:56.220-03:00  INFO 18715 --- [receitas-api] [  restartedMain] org.avsytem.ReceitasApiApplication       : Starting ReceitasApiApplication using Java 17.0.15 with PID 18715 (/mnt/c/Users/Thiago Mota/Documents/GitHub/teste-amazon-q/backend/target/classes started by thiago in /mnt/c/Users/Thiago Mota/Documents/GitHub/teste-amazon-q/backend)
2025-08-06T11:42:56.222-03:00 DEBUG 18715 --- [receitas-api] [  restartedMain] org.avsytem.ReceitasApiApplication       : Running with Spring Boot v3.2.1, Spring v6.1.2
2025-08-06T11:42:56.223-03:00  INFO 18715 --- [receitas-api] [  restartedMain] org.avsytem.ReceitasApiApplication       : No active profile set, falling back to 1 default profile: "default"
2025-08-06T11:42:56.370-03:00  INFO 18715 --- [receitas-api] [  restartedMain] .e.DevToolsPropertyDefaultsPostProcessor : Devtools property defaults active! Set 'spring.devtools.add-properties' to 'false' to disable
2025-08-06T11:42:56.370-03:00  INFO 18715 --- [receitas-api] [  restartedMain] .e.DevToolsPropertyDefaultsPostProcessor : For additional web related logging consider setting the 'logging.level.web' property to 'DEBUG'
2025-08-06T11:43:00.874-03:00  INFO 18715 --- [receitas-api] [  restartedMain] .s.d.r.c.RepositoryConfigurationDelegate : Bootstrapping Spring Data JPA repositories in DEFAULT mode.
2025-08-06T11:43:01.277-03:00  INFO 18715 --- [receitas-api] [  restartedMain] .s.d.r.c.RepositoryConfigurationDelegate : Finished Spring Data repository scanning in 359 ms. Found 2 JPA repository interfaces.
2025-08-06T11:43:06.634-03:00  INFO 18715 --- [receitas-api] [  restartedMain] o.s.b.w.embedded.tomcat.TomcatWebServer  : Tomcat initialized with port 8080 (http)
2025-08-06T11:43:06.668-03:00  INFO 18715 --- [receitas-api] [  restartedMain] o.apache.catalina.core.StandardService   : Starting service [Tomcat]
2025-08-06T11:43:06.669-03:00  INFO 18715 --- [receitas-api] [  restartedMain] o.apache.catalina.core.StandardEngine    : Starting Servlet engine: [Apache Tomcat/10.1.17]
2025-08-06T11:43:06.792-03:00  INFO 18715 --- [receitas-api] [  restartedMain] o.a.c.c.C.[Tomcat].[localhost].[/api]    : Initializing Spring embedded WebApplicationContext
2025-08-06T11:43:06.794-03:00  INFO 18715 --- [receitas-api] [  restartedMain] w.s.c.ServletWebServerApplicationContext : Root WebApplicationContext: initialization completed in 10421 ms
2025-08-06T11:43:07.964-03:00  INFO 18715 --- [receitas-api] [  restartedMain] com.zaxxer.hikari.HikariDataSource       : HikariPool-1 - Starting...
2025-08-06T11:43:12.597-03:00  INFO 18715 --- [receitas-api] [  restartedMain] com.zaxxer.hikari.pool.HikariPool        : HikariPool-1 - Added connection org.postgresql.jdbc.PgConnection@96793f2
2025-08-06T11:43:12.606-03:00  INFO 18715 --- [receitas-api] [  restartedMain] com.zaxxer.hikari.HikariDataSource       : HikariPool-1 - Start completed.
2025-08-06T11:43:16.903-03:00  INFO 18715 --- [receitas-api] [  restartedMain] o.hibernate.jpa.internal.util.LogHelper  : HHH000204: Processing PersistenceUnitInfo [name: default]
2025-08-06T11:43:17.297-03:00  INFO 18715 --- [receitas-api] [  restartedMain] org.hibernate.Version                    : HHH000412: Hibernate ORM core version 6.4.1.Final
2025-08-06T11:43:17.510-03:00  INFO 18715 --- [receitas-api] [  restartedMain] o.h.c.internal.RegionFactoryInitiator    : HHH000026: Second-level cache disabled
2025-08-06T11:43:18.696-03:00  INFO 18715 --- [receitas-api] [  restartedMain] o.s.o.j.p.SpringPersistenceUnitInfo      : No LoadTimeWeaver setup: ignoring JPA class transformer
2025-08-06T11:43:19.917-03:00  WARN 18715 --- [receitas-api] [  restartedMain] org.hibernate.orm.deprecation            : HHH90000025: PostgreSQLDialect does not need to be specified explicitly using 'hibernate.dialect' (remove the property setting and it will be selected by default)
2025-08-06T11:43:23.757-03:00  INFO 18715 --- [receitas-api] [  restartedMain] o.h.e.t.j.p.i.JtaPlatformInitiator       : HHH000489: No JTA platform available (set 'hibernate.transaction.jta.platform' to enable JTA platform integration)
2025-08-06T11:43:23.774-03:00  INFO 18715 --- [receitas-api] [  restartedMain] j.LocalContainerEntityManagerFactoryBean : Initialized JPA EntityManagerFactory for persistence unit 'default'
2025-08-06T11:43:24.971-03:00  INFO 18715 --- [receitas-api] [  restartedMain] o.s.d.j.r.query.QueryEnhancerFactory     : Hibernate is in classpath; If applicable, HQL parser will be used.
2025-08-06T11:43:27.250-03:00 DEBUG 18715 --- [receitas-api] [  restartedMain] org.avsytem.security.AuthTokenFilter     : Filter 'authenticationJwtTokenFilter' configured for use
2025-08-06T11:43:28.388-03:00  WARN 18715 --- [receitas-api] [  restartedMain] JpaBaseConfiguration$JpaWebConfiguration : spring.jpa.open-in-view is enabled by default. Therefore, database queries may be performed during view rendering. Explicitly configure spring.jpa.open-in-view to disable this warning
2025-08-06T11:43:31.041-03:00  INFO 18715 --- [receitas-api] [  restartedMain] o.s.b.a.e.web.EndpointLinksResolver      : Exposing 1 endpoint(s) beneath base path '/actuator'
2025-08-06T11:43:31.557-03:00  INFO 18715 --- [receitas-api] [  restartedMain] o.s.s.web.DefaultSecurityFilterChain     : Will secure any request with [org.springframework.security.web.session.DisableEncodeUrlFilter@4be8413, org.springframework.security.web.context.request.async.WebAsyncManagerIntegrationFilter@32d78392, org.springframework.security.web.context.SecurityContextHolderFilter@50fb1916, org.springframework.security.web.header.HeaderWriterFilter@269e9104, org.springframework.web.filter.CorsFilter@4424447f, org.springframework.security.web.authentication.logout.LogoutFilter@3b0a4974, org.avsytem.security.AuthTokenFilter@55b7618, org.springframework.security.web.savedrequest.RequestCacheAwareFilter@10f4f3af, org.springframework.security.web.servletapi.SecurityContextHolderAwareRequestFilter@243099ff, org.springframework.security.web.authentication.AnonymousAuthenticationFilter@706a44b, org.springframework.security.web.session.SessionManagementFilter@20e939a9, org.springframework.security.web.access.ExceptionTranslationFilter@443a9c0d, org.springframework.security.web.access.intercept.AuthorizationFilter@4f5a07d1]
2025-08-06T11:43:35.122-03:00  INFO 18715 --- [receitas-api] [  restartedMain] o.s.b.d.a.OptionalLiveReloadServer       : LiveReload server is running on port 35729
2025-08-06T11:43:35.380-03:00  INFO 18715 --- [receitas-api] [  restartedMain] o.s.b.w.embedded.tomcat.TomcatWebServer  : Tomcat started on port 8080 (http) with context path '/api'
2025-08-06T11:43:35.399-03:00  INFO 18715 --- [receitas-api] [  restartedMain] org.avsytem.ReceitasApiApplication       : Started ReceitasApiApplication in 40.973 seconds (process running for 43.949)
